#
# There is insufficient memory for the Java Runtime Environment to continue.
# Native memory allocation (malloc) failed to allocate 1852496 bytes for Chunk::new
# Possible reasons:
#   The system is out of physical RAM or swap space
#   In 32 bit mode, the process size limit was hit
# Possible solutions:
#   Reduce memory load on the system
#   Increase physical memory or swap space
#   Check if swap backing store is full
#   Use 64 bit Java on a 64 bit OS
#   Decrease Java heap size (-Xmx/-Xms)
#   Decrease number of Java threads
#   Decrease Java thread stack sizes (-Xss)
#   Set larger code cache with -XX:ReservedCodeCacheSize=
# This output file may be truncated or incomplete.
#
#  Out of Memory Error (allocation.cpp:390), pid=2492, tid=0x0000000000001410
#
# JRE version: Java(TM) SE Runtime Environment (8.0_102-b14) (build 1.8.0_102-b14)
# Java VM: Java HotSpot(TM) 64-Bit Server VM (25.102-b14 mixed mode windows-amd64 compressed oops)
# Failed to write core dump. Minidumps are not enabled by default on client versions of Windows
#

---------------  T H R E A D  ---------------

Current thread (0x0000000058995000):  JavaThread "C2 CompilerThread0" daemon [_thread_in_native, id=5136, stack(0x00000000591e0000,0x00000000592e0000)]

Stack: [0x00000000591e0000,0x00000000592e0000]
[error occurred during error reporting (printing stack bounds), id 0xc0000005]

Native frames: (J=compiled Java code, j=interpreted, Vv=VM code, C=native code)


Current CompileTask:
C2:  59023 4850       4       groovy.lang.MetaClassImpl::addMetaMethodToIndex (65 bytes)


---------------  P R O C E S S  ---------------

Java Threads: ( => current thread )
  0x000000005e5a7000 JavaThread "pool-2-thread-1" [_thread_blocked, id=3100, stack(0x000000005f4c0000,0x000000005f5c0000)]
  0x000000005dadf000 JavaThread "File lock request listener" [_thread_in_native, id=4344, stack(0x000000005f690000,0x000000005f790000)]
  0x000000005bfbe000 JavaThread "pool-1-thread-1" [_thread_blocked, id=5988, stack(0x000000005ce10000,0x000000005cf10000)]
  0x00000000589ee800 JavaThread "Service Thread" daemon [_thread_blocked, id=5544, stack(0x0000000059700000,0x0000000059800000)]
  0x0000000058999000 JavaThread "C1 CompilerThread2" daemon [_thread_blocked, id=5540, stack(0x0000000059590000,0x0000000059690000)]
  0x0000000058997000 JavaThread "C2 CompilerThread1" daemon [_thread_in_native, id=9416, stack(0x00000000593c0000,0x00000000594c0000)]
=>0x0000000058995000 JavaThread "C2 CompilerThread0" daemon [_thread_in_native, id=5136, stack(0x00000000591e0000,0x00000000592e0000)]
  0x000000005898e800 JavaThread "Attach Listener" daemon [_thread_blocked, id=5132, stack(0x0000000058e50000,0x0000000058f50000)]
  0x000000005898b800 JavaThread "Signal Dispatcher" daemon [_thread_blocked, id=4496, stack(0x0000000058f60000,0x0000000059060000)]
  0x00000000575e9800 JavaThread "Finalizer" daemon [_thread_blocked, id=4848, stack(0x0000000058880000,0x0000000058980000)]
  0x00000000575a2800 JavaThread "Reference Handler" daemon [_thread_blocked, id=4016, stack(0x0000000058720000,0x0000000058820000)]
  0x000000000250f000 JavaThread "main" [_thread_in_native, id=7624, stack(0x0000000002730000,0x0000000002830000)]

Other Threads:
  0x000000005759b000 VMThread [stack: 0x0000000058580000,0x0000000058680000] [id=3956]
  0x0000000058a28800 WatcherThread [stack: 0x00000000598e0000,0x00000000599e0000] [id=4736]

VM state:not at safepoint (normal execution)

VM Mutex/Monitor currently owned by a thread: None

Heap:
 PSYoungGen      total 254464K, used 221591K [0x00000000d5900000, 0x00000000e6a00000, 0x0000000100000000)
  eden space 240128K, 92% used [0x00000000d5900000,0x00000000e3165d08,0x00000000e4380000)
  from space 14336K, 0% used [0x00000000e5280000,0x00000000e5280000,0x00000000e6080000)
  to   space 15360K, 0% used [0x00000000e4380000,0x00000000e4380000,0x00000000e5280000)
 ParOldGen       total 72192K, used 19968K [0x0000000080a00000, 0x0000000085080000, 0x00000000d5900000)
  object space 72192K, 27% used [0x0000000080a00000,0x0000000081d80228,0x0000000085080000)
 Metaspace       used 42716K, capacity 43598K, committed 43864K, reserved 1087488K
  class space    used 5877K, capacity 6161K, committed 6272K, reserved 1048576K

Card table byte_map: [0x0000000011bf0000,0x0000000011ff0000] byte_map_base: 0x00000000117eb000

Marking Bits: (ParMarkBitMap*) 0x00000000736ea6c0
 Begin Bits: [0x0000000012860000, 0x0000000014838000)
 End Bits:   [0x0000000014838000, 0x0000000016810000)

Polling page: 0x0000000002440000

CodeCache: size=245760Kb used=15594Kb max_used=16145Kb free=230165Kb
 bounds [0x0000000002830000, 0x0000000003810000, 0x0000000011830000]
 total_blobs=5166 nmethods=4465 adapters=612
 compilation: enabled

Compilation events (10 events):
Event: 58.965 Thread 0x0000000058999000 5003       1       java.util.concurrent.ConcurrentHashMap::spread (10 bytes)
Event: 58.966 Thread 0x0000000058999000 nmethod 5003 0x0000000002b69b50 code [0x0000000002b69ca0, 0x0000000002b69d90]
Event: 58.970 Thread 0x0000000058999000 5004       2       java.lang.String::equalsIgnoreCase (48 bytes)
Event: 58.971 Thread 0x0000000058999000 nmethod 5004 0x0000000002be0650 code [0x0000000002be07c0, 0x0000000002be09a8]
Event: 58.990 Thread 0x0000000058999000 5005   !   2       java.net.URL::<init> (543 bytes)
Event: 58.993 Thread 0x0000000058999000 nmethod 5005 0x0000000002c4f790 code [0x0000000002c4fb00, 0x0000000002c50e78]
Event: 58.993 Thread 0x0000000058999000 5006       2       java.lang.String::regionMatches (149 bytes)
Event: 58.993 Thread 0x0000000058999000 nmethod 5006 0x00000000031283d0 code [0x00000000031285c0, 0x0000000003128af8]
Event: 59.000 Thread 0x0000000058999000 5007       2       java.lang.ClassLoader::defineClass (43 bytes)
Event: 59.001 Thread 0x0000000058999000 nmethod 5007 0x0000000002ad63d0 code [0x0000000002ad6580, 0x0000000002ad6888]

GC Heap History (10 events):
Event: 7.200 GC heap before
{Heap before GC invocations=6 (full 1):
 PSYoungGen      total 71680K, used 5108K [0x00000000d5900000, 0x00000000df100000, 0x0000000100000000)
  eden space 66560K, 0% used [0x00000000d5900000,0x00000000d5900000,0x00000000d9a00000)
  from space 5120K, 99% used [0x00000000d9a00000,0x00000000d9efd090,0x00000000d9f00000)
  to   space 11264K, 0% used [0x00000000de600000,0x00000000de600000,0x00000000df100000)
 ParOldGen       total 87552K, used 9900K [0x0000000080a00000, 0x0000000085f80000, 0x00000000d5900000)
  object space 87552K, 11% used [0x0000000080a00000,0x00000000813ab3a8,0x0000000085f80000)
 Metaspace       used 20825K, capacity 21086K, committed 21248K, reserved 1067008K
  class space    used 2876K, capacity 2970K, committed 3072K, reserved 1048576K
Event: 7.234 GC heap after
Heap after GC invocations=6 (full 1):
 PSYoungGen      total 71680K, used 0K [0x00000000d5900000, 0x00000000df100000, 0x0000000100000000)
  eden space 66560K, 0% used [0x00000000d5900000,0x00000000d5900000,0x00000000d9a00000)
  from space 5120K, 0% used [0x00000000d9a00000,0x00000000d9a00000,0x00000000d9f00000)
  to   space 11264K, 0% used [0x00000000de600000,0x00000000de600000,0x00000000df100000)
 ParOldGen       total 52224K, used 10530K [0x0000000080a00000, 0x0000000083d00000, 0x00000000d5900000)
  object space 52224K, 20% used [0x0000000080a00000,0x0000000081448aa8,0x0000000083d00000)
 Metaspace       used 20825K, capacity 21086K, committed 21248K, reserved 1067008K
  class space    used 2876K, capacity 2970K, committed 3072K, reserved 1048576K
}
Event: 7.924 GC heap before
{Heap before GC invocations=7 (full 1):
 PSYoungGen      total 71680K, used 66560K [0x00000000d5900000, 0x00000000df100000, 0x0000000100000000)
  eden space 66560K, 100% used [0x00000000d5900000,0x00000000d9a00000,0x00000000d9a00000)
  from space 5120K, 0% used [0x00000000d9a00000,0x00000000d9a00000,0x00000000d9f00000)
  to   space 11264K, 0% used [0x00000000de600000,0x00000000de600000,0x00000000df100000)
 ParOldGen       total 52224K, used 10530K [0x0000000080a00000, 0x0000000083d00000, 0x00000000d5900000)
  object space 52224K, 20% used [0x0000000080a00000,0x0000000081448aa8,0x0000000083d00000)
 Metaspace       used 26507K, capacity 26896K, committed 27264K, reserved 1073152K
  class space    used 3721K, capacity 3860K, committed 3968K, reserved 1048576K
Event: 7.930 GC heap after
Heap after GC invocations=7 (full 1):
 PSYoungGen      total 134144K, used 6565K [0x00000000d5900000, 0x00000000dec80000, 0x0000000100000000)
  eden space 127488K, 0% used [0x00000000d5900000,0x00000000d5900000,0x00000000dd580000)
  from space 6656K, 98% used [0x00000000de600000,0x00000000dec69718,0x00000000dec80000)
  to   space 10752K, 0% used [0x00000000dd780000,0x00000000dd780000,0x00000000de200000)
 ParOldGen       total 52224K, used 10538K [0x0000000080a00000, 0x0000000083d00000, 0x00000000d5900000)
  object space 52224K, 20% used [0x0000000080a00000,0x000000008144aaa8,0x0000000083d00000)
 Metaspace       used 26507K, capacity 26896K, committed 27264K, reserved 1073152K
  class space    used 3721K, capacity 3860K, committed 3968K, reserved 1048576K
}
Event: 9.448 GC heap before
{Heap before GC invocations=8 (full 1):
 PSYoungGen      total 134144K, used 134053K [0x00000000d5900000, 0x00000000dec80000, 0x0000000100000000)
  eden space 127488K, 100% used [0x00000000d5900000,0x00000000dd580000,0x00000000dd580000)
  from space 6656K, 98% used [0x00000000de600000,0x00000000dec69718,0x00000000dec80000)
  to   space 10752K, 0% used [0x00000000dd780000,0x00000000dd780000,0x00000000de200000)
 ParOldGen       total 52224K, used 10538K [0x0000000080a00000, 0x0000000083d00000, 0x00000000d5900000)
  object space 52224K, 20% used [0x0000000080a00000,0x000000008144aaa8,0x0000000083d00000)
 Metaspace       used 34278K, capacity 34850K, committed 35200K, reserved 1079296K
  class space    used 4700K, capacity 4865K, committed 4992K, reserved 1048576K
Event: 9.463 GC heap after
Heap after GC invocations=8 (full 1):
 PSYoungGen      total 140288K, used 10721K [0x00000000d5900000, 0x00000000e6080000, 0x0000000100000000)
  eden space 129536K, 0% used [0x00000000d5900000,0x00000000d5900000,0x00000000dd780000)
  from space 10752K, 99% used [0x00000000dd780000,0x00000000de1f87d0,0x00000000de200000)
  to   space 14336K, 0% used [0x00000000e5280000,0x00000000e5280000,0x00000000e6080000)
 ParOldGen       total 52224K, used 14953K [0x0000000080a00000, 0x0000000083d00000, 0x00000000d5900000)
  object space 52224K, 28% used [0x0000000080a00000,0x000000008189a618,0x0000000083d00000)
 Metaspace       used 34278K, capacity 34850K, committed 35200K, reserved 1079296K
  class space    used 4700K, capacity 4865K, committed 4992K, reserved 1048576K
}
Event: 9.565 GC heap before
{Heap before GC invocations=9 (full 1):
 PSYoungGen      total 140288K, used 31394K [0x00000000d5900000, 0x00000000e6080000, 0x0000000100000000)
  eden space 129536K, 15% used [0x00000000d5900000,0x00000000d6d30268,0x00000000dd780000)
  from space 10752K, 99% used [0x00000000dd780000,0x00000000de1f87d0,0x00000000de200000)
  to   space 14336K, 0% used [0x00000000e5280000,0x00000000e5280000,0x00000000e6080000)
 ParOldGen       total 52224K, used 14953K [0x0000000080a00000, 0x0000000083d00000, 0x00000000d5900000)
  object space 52224K, 28% used [0x0000000080a00000,0x000000008189a618,0x0000000083d00000)
 Metaspace       used 34616K, capacity 35184K, committed 35416K, reserved 1079296K
  class space    used 4755K, capacity 4935K, committed 4992K, reserved 1048576K
Event: 9.576 GC heap after
Heap after GC invocations=9 (full 1):
 PSYoungGen      total 254464K, used 12159K [0x00000000d5900000, 0x00000000e6a00000, 0x0000000100000000)
  eden space 240128K, 0% used [0x00000000d5900000,0x00000000d5900000,0x00000000e4380000)
  from space 14336K, 84% used [0x00000000e5280000,0x00000000e5e5fe08,0x00000000e6080000)
  to   space 15360K, 0% used [0x00000000e4380000,0x00000000e4380000,0x00000000e5280000)
 ParOldGen       total 52224K, used 14961K [0x0000000080a00000, 0x0000000083d00000, 0x00000000d5900000)
  object space 52224K, 28% used [0x0000000080a00000,0x000000008189c618,0x0000000083d00000)
 Metaspace       used 34616K, capacity 35184K, committed 35416K, reserved 1079296K
  class space    used 4755K, capacity 4935K, committed 4992K, reserved 1048576K
}
Event: 9.576 GC heap before
{Heap before GC invocations=10 (full 2):
 PSYoungGen      total 254464K, used 12159K [0x00000000d5900000, 0x00000000e6a00000, 0x0000000100000000)
  eden space 240128K, 0% used [0x00000000d5900000,0x00000000d5900000,0x00000000e4380000)
  from space 14336K, 84% used [0x00000000e5280000,0x00000000e5e5fe08,0x00000000e6080000)
  to   space 15360K, 0% used [0x00000000e4380000,0x00000000e4380000,0x00000000e5280000)
 ParOldGen       total 52224K, used 14961K [0x0000000080a00000, 0x0000000083d00000, 0x00000000d5900000)
  object space 52224K, 28% used [0x0000000080a00000,0x000000008189c618,0x0000000083d00000)
 Metaspace       used 34616K, capacity 35184K, committed 35416K, reserved 1079296K
  class space    used 4755K, capacity 4935K, committed 4992K, reserved 1048576K
Event: 9.656 GC heap after
Heap after GC invocations=10 (full 2):
 PSYoungGen      total 254464K, used 0K [0x00000000d5900000, 0x00000000e6a00000, 0x0000000100000000)
  eden space 240128K, 0% used [0x00000000d5900000,0x00000000d5900000,0x00000000e4380000)
  from space 14336K, 0% used [0x00000000e5280000,0x00000000e5280000,0x00000000e6080000)
  to   space 15360K, 0% used [0x00000000e4380000,0x00000000e4380000,0x00000000e5280000)
 ParOldGen       total 72192K, used 19968K [0x0000000080a00000, 0x0000000085080000, 0x00000000d5900000)
  object space 72192K, 27% used [0x0000000080a00000,0x0000000081d80228,0x0000000085080000)
 Metaspace       used 34616K, capacity 35184K, committed 35416K, reserved 1079296K
  class space    used 4755K, capacity 4935K, committed 4992K, reserved 1048576K
}

Deoptimization events (10 events):
Event: 58.870 Thread 0x000000000250f000 Uncommon trap: reason=bimorphic action=maybe_recompile pc=0x0000000003153050 method=java.security.MessageDigest$Delegate.engineUpdate([BII)V @ 7
Event: 58.871 Thread 0x000000000250f000 Uncommon trap: reason=null_check action=make_not_entrant pc=0x000000000350dfe4 method=java.lang.ClassLoader.checkCerts(Ljava/lang/String;Ljava/security/CodeSource;)V @ 141
Event: 58.872 Thread 0x000000000250f000 Uncommon trap: reason=unstable_if action=reinterpret pc=0x00000000033f9298 method=java.util.jar.JarFile.getInputStream(Ljava/util/zip/ZipEntry;)Ljava/io/InputStream; @ 21
Event: 58.878 Thread 0x000000000250f000 Uncommon trap: reason=bimorphic action=maybe_recompile pc=0x00000000031554c0 method=sun.security.provider.DigestBase.engineUpdate([BII)V @ 128
Event: 58.905 Thread 0x000000000250f000 Uncommon trap: reason=unstable_if action=reinterpret pc=0x0000000002eaf9bc method=java.lang.Integer.getChars(II[C)V @ 20
Event: 58.937 Thread 0x000000000250f000 Uncommon trap: reason=bimorphic action=maybe_recompile pc=0x000000000347c1ec method=java.util.AbstractList$Itr.next()Ljava/lang/Object; @ 14
Event: 58.951 Thread 0x000000000250f000 Uncommon trap: reason=unstable_if action=reinterpret pc=0x0000000002dbff88 method=sun.nio.cs.UTF_8$Decoder.decodeArrayLoop(Ljava/nio/ByteBuffer;Ljava/nio/CharBuffer;)Ljava/nio/charset/CoderResult; @ 84
Event: 58.952 Thread 0x000000000250f000 Uncommon trap: reason=unstable_if action=reinterpret pc=0x0000000002968800 method=java.lang.CharacterData.of(I)Ljava/lang/CharacterData; @ 4
Event: 58.955 Thread 0x000000000250f000 Uncommon trap: reason=unstable_if action=reinterpret pc=0x0000000002c0e42c method=sun.nio.cs.UTF_8$Decoder.decodeArrayLoop(Ljava/nio/ByteBuffer;Ljava/nio/CharBuffer;)Ljava/nio/charset/CoderResult; @ 84
Event: 58.964 Thread 0x000000000250f000 Uncommon trap: reason=unstable_if action=reinterpret pc=0x0000000002efa4b4 method=java.util.concurrent.ConcurrentHashMap.putVal(Ljava/lang/Object;Ljava/lang/Object;Z)Ljava/lang/Object; @ 195

Internal exceptions (10 events):
Event: 48.628 Thread 0x000000000250f000 Exception <a 'sun/nio/fs/WindowsException'> (0x00000000dc6829a8) thrown at [C:\re\workspace\8-2-build-windows-amd64-cygwin\jdk8u102\7268\hotspot\src\share\vm\prims\jni.cpp, line 709]
Event: 48.628 Thread 0x000000000250f000 Exception <a 'sun/nio/fs/WindowsException'> (0x00000000dc683fe0) thrown at [C:\re\workspace\8-2-build-windows-amd64-cygwin\jdk8u102\7268\hotspot\src\share\vm\prims\jni.cpp, line 709]
Event: 48.628 Thread 0x000000000250f000 Exception <a 'sun/nio/fs/WindowsException'> (0x00000000dc6849e0) thrown at [C:\re\workspace\8-2-build-windows-amd64-cygwin\jdk8u102\7268\hotspot\src\share\vm\prims\jni.cpp, line 709]
Event: 55.255 Thread 0x000000000250f000 Exception <a 'java/lang/NoSuchMethodError': java.lang.Object.lambda$comparing$77a9974f$1(Ljava/util/function/Function;Ljava/lang/Object;Ljava/lang/Object;)I> (0x00000000e14f3df0) thrown at [C:\re\workspace\8-2-build-windows-amd64-cygwin\jdk8u102\7268\hotspìØ”þÊ K@
Event: 55.256 Thread 0x000000000250f000 Exception <a 'java/lang/NoSuchMethodError': java.lang.Object.lambda$thenComparing$36697e65$1(Ljava/util/Comparator;Ljava/lang/Object;Ljava/lang/Object;)I> (0x00000000e15022a0) thrown at [C:\re\workspace\8-2-build-windows-amd64-cygwin\jdk8u102\7268\hotspot\ÓÑš¯K@
Event: 55.368 Thread 0x000000000250f000 Exception <a 'java/lang/NoSuchMethodError': java.lang.Object.lambda$maxBy$1(Ljava/util/Comparator;Ljava/lang/Object;Ljava/lang/Object;)Ljava/lang/Object;> (0x00000000e15a93a0) thrown at [C:\re\workspace\8-2-build-windows-amd64-cygwin\jdk8u102\7268\hotspot\*÷çaÍCM@
Event: 58.530 Thread 0x000000000250f000 Exception <a 'sun/nio/fs/WindowsException'> (0x00000000e187b3c8) thrown at [C:\re\workspace\8-2-build-windows-amd64-cygwin\jdk8u102\7268\hotspot\src\share\vm\prims\jni.cpp, line 709]
Event: 58.810 Thread 0x000000000250f000 Exception <a 'java/lang/ClassNotFoundException': build_9jspw5yg2mqs3fr4lojkoxp7pBeanInfo> (0x00000000e1c161c8) thrown at [C:\re\workspace\8-2-build-windows-amd64-cygwin\jdk8u102\7268\hotspot\src\share\vm\classfile\systemDictionary.cpp, line 210]
Event: 58.810 Thread 0x000000000250f000 Exception <a 'java/lang/ClassNotFoundException': build_9jspw5yg2mqs3fr4lojkoxp7pCustomizer> (0x00000000e1c21f30) thrown at [C:\re\workspace\8-2-build-windows-amd64-cygwin\jdk8u102\7268\hotspot\src\share\vm\classfile\systemDictionary.cpp, line 210]
Event: 58.871 Thread 0x000000000250f000 Implicit null exception at 0x000000000350b86c to 0x000000000350dfd9

Events (10 events):
Event: 59.001 Thread 0x0000000058999000 flushing nmethod 0x000000000353ed90
Event: 59.001 Thread 0x0000000058999000 flushing nmethod 0x000000000356fc50
Event: 59.001 loading class org/apache/http/client/protocol/RequestClientConnControl
Event: 59.001 loading class org/apache/http/client/protocol/RequestClientConnControl done
Event: 59.002 loading class org/apache/http/client/protocol/RequestExpectContinue
Event: 59.002 loading class org/apache/http/client/protocol/RequestExpectContinue done
Event: 59.002 loading class org/apache/http/protocol/ChainBuilder
Event: 59.002 loading class org/apache/http/protocol/ChainBuilder done
Event: 59.002 loading class org/apache/http/client/protocol/RequestAddCookies
Event: 59.002 loading class org/apache/http/client/protocol/RequestAddCookies done


Dynamic libraries:
0x000000013fc20000 - 0x000000013fc57000 	C:\Program Files\Java\jre1.8.0_102\bin\java.exe
0x0000000077530000 - 0x00000000776cf000 	C:\Windows\SYSTEM32\ntdll.dll
0x0000000077310000 - 0x000000007742f000 	C:\Windows\system32\kernel32.dll
0x000007fefd510000 - 0x000007fefd57a000 	C:\Windows\system32\KERNELBASE.dll
0x000007fefe9d0000 - 0x000007fefeaab000 	C:\Windows\system32\ADVAPI32.dll
0x000007fefede0000 - 0x000007fefee7f000 	C:\Windows\system32\msvcrt.dll
0x000007feff090000 - 0x000007feff0af000 	C:\Windows\SYSTEM32\sechost.dll
0x000007fefee80000 - 0x000007fefefad000 	C:\Windows\system32\RPCRT4.dll
0x0000000077430000 - 0x000000007752a000 	C:\Windows\system32\USER32.dll
0x000007fefed70000 - 0x000007fefedd7000 	C:\Windows\system32\GDI32.dll
0x000007fefd940000 - 0x000007fefd94e000 	C:\Windows\system32\LPK.dll
0x000007fefd9d0000 - 0x000007fefda9b000 	C:\Windows\system32\USP10.dll
0x000007fefbd10000 - 0x000007fefbf04000 	C:\Windows\WinSxS\amd64_microsoft.windows.common-controls_6595b64144ccf1df_6.0.7601.18837_none_fa3b1e3d17594757\COMCTL32.dll
0x000007feff7a0000 - 0x000007feff811000 	C:\Windows\system32\SHLWAPI.dll
0x000007feff510000 - 0x000007feff53e000 	C:\Windows\system32\IMM32.DLL
0x000007fefd830000 - 0x000007fefd939000 	C:\Windows\system32\MSCTF.dll
0x0000000073770000 - 0x0000000073841000 	C:\Program Files\Java\jre1.8.0_102\bin\msvcr100.dll
0x0000000072ed0000 - 0x000000007376a000 	C:\Program Files\Java\jre1.8.0_102\bin\server\jvm.dll
0x000007fee3820000 - 0x000007fee3829000 	C:\Windows\system32\WSOCK32.dll
0x000007fefe970000 - 0x000007fefe9bd000 	C:\Windows\system32\WS2_32.dll
0x000007fefe9c0000 - 0x000007fefe9c8000 	C:\Windows\system32\NSI.dll
0x000007fefb460000 - 0x000007fefb49b000 	C:\Windows\system32\WINMM.dll
0x000007fefc4d0000 - 0x000007fefc4dc000 	C:\Windows\system32\VERSION.dll
0x00000000776e0000 - 0x00000000776e7000 	C:\Windows\system32\PSAPI.DLL
0x00000000740e0000 - 0x00000000740ef000 	C:\Program Files\Java\jre1.8.0_102\bin\verify.dll
0x00000000740b0000 - 0x00000000740d9000 	C:\Program Files\Java\jre1.8.0_102\bin\java.dll
0x0000000074090000 - 0x00000000740a6000 	C:\Program Files\Java\jre1.8.0_102\bin\zip.dll
0x000007fefdbe0000 - 0x000007fefe96b000 	C:\Windows\system32\SHELL32.dll
0x000007feff5a0000 - 0x000007feff79d000 	C:\Windows\system32\ole32.dll
0x000007fefd420000 - 0x000007fefd42f000 	C:\Windows\system32\profapi.dll
0x0000000074050000 - 0x000000007406a000 	C:\Program Files\Java\jre1.8.0_102\bin\net.dll
0x000007fefcc10000 - 0x000007fefcc65000 	C:\Windows\system32\mswsock.dll
0x000007fefcc00000 - 0x000007fefcc07000 	C:\Windows\System32\wship6.dll
0x0000000074030000 - 0x0000000074041000 	C:\Program Files\Java\jre1.8.0_102\bin\nio.dll
0x000007fec9c60000 - 0x000007fec9c72000 	C:\Users\admin\.gradle\native\19\windows-amd64\native-platform.dll
0x0000000180000000 - 0x0000000180037000 	C:\Users\admin\.gradle\native\jna\win32-amd64\jnidispatch.dll
0x000007fefcc70000 - 0x000007fefcc88000 	C:\Windows\system32\CRYPTSP.dll
0x000007fefc970000 - 0x000007fefc9b7000 	C:\Windows\system32\rsaenh.dll
0x000007fefc6e0000 - 0x000007fefc6fe000 	C:\Windows\system32\USERENV.dll
0x000007fefd350000 - 0x000007fefd35f000 	C:\Windows\system32\CRYPTBASE.dll
0x000007fefae90000 - 0x000007fefaeb7000 	C:\Windows\system32\IPHLPAPI.DLL
0x000007fefae80000 - 0x000007fefae8b000 	C:\Windows\system32\WINNSI.DLL
0x000007fef9ce0000 - 0x000007fef9cf1000 	C:\Windows\system32\dhcpcsvc6.DLL
0x000007fef9c60000 - 0x000007fef9c78000 	C:\Windows\system32\dhcpcsvc.DLL
0x0000000074020000 - 0x000000007402d000 	C:\Program Files\Java\jre1.8.0_102\bin\management.dll
0x000007fefd2f0000 - 0x000007fefd347000 	C:\Windows\system32\apphelp.dll
0x0000000073ff0000 - 0x0000000074014000 	C:\Program Files\Java\jre1.8.0_102\bin\sunec.dll

VM Arguments:
jvm_args: -Dorg.gradle.appname=gradlew 
java_command: org.gradle.wrapper.GradleWrapperMain installDebug
java_class_path (initial): G:\Alyt\Demo\reactn\myrndemo\RnDemo\RnDemo\android\\gradle\wrapper\gradle-wrapper.jar
Launcher Type: SUN_STANDARD

Environment Variables:
JAVA_HOME=C:\Program Files\Java\jre1.8.0_102
CLASSPATH=G:\Alyt\Demo\reactn\myrndemo\RnDemo\RnDemo\android\\gradle\wrapper\gradle-wrapper.jar
PATH=C:\ProgramData\Oracle\Java\javapath;C:\Program Files (x86)\NVIDIA Corporation\PhysX\Common;C:\Program Files (x86)\Intel\iCLS Client\;C:\Program Files\Intel\iCLS Client\;C:\Program Files\Common Files\Microsoft Shared\Windows Live;C:\Program Files (x86)\Common Files\Microsoft Shared\Windows Live;C:\Windows\system32;C:\Windows;C:\Windows\System32\Wbem;C:\Windows\System32\WindowsPowerShell\v1.0\;C:\Program Files (x86)\Windows Live\Shared;C:\Program Files (x86)\Intel\Intel(R) Management Engine Components\DAL;C:\Program Files\Intel\Intel(R) Management Engine Components\DAL;C:\Program Files (x86)\Intel\Intel(R) Management Engine Components\IPT;C:\Program Files\Intel\Intel(R) Management Engine Components\IPT;C:\Program Files\Java\jre1.8.0_102\bin;C:\Program Files\MySQL\MySQL Server 5.7\bin;E:\Git\cmd;E:\redis;C:\Program Files\Java\jdk1.7.0_17\bin;E:\py2.7;G:\python_work;;F:\android\LIVE\ffmpeg\bin;%USERPROFILE%\.dnx\bin;C:\Program Files\Microsoft DNX\Dnvm\;C:\Program Files (x86)\Windows Kits\8.1\Windows Performance Toolkit\;C:\Program Files\Microsoft SQL Server\130\Tools\Binn\;E:\py2.7\Scripts;D:\Print Conductor;C:\Program Files\Microsoft SQL Server\110\DTS\Binn\;C:\Program Files (x86)\Microsoft SQL Server\110\Tools\Binn\;C:\Program Files\Microsoft SQL Server\110\Tools\Binn\;C:\Program Files (x86)\Microsoft SQL Server\110\Tools\Binn\ManagementStudio\;C:\Program Files (x86)\Microsoft Visual Studio 10.0\Common7\IDE\PrivateAssemblies\;C:\Program Files (x86)\Microsoft SQL Server\110\DTS\Binn\;D:\soft\nodejs\;F:\svn\bin;C:\Program Files (x86)\Yarn\bin\;C:\Users\admin\AppData\Roaming\npm;D:\soft\nodejs\node_global;C:\Program Files (x86)\Fiddler2;C:\Users\admin\AppData\Local\Yarn\bin
USERNAME=admin
OS=Windows_NT
PROCESSOR_IDENTIFIER=Intel64 Family 6 Model 94 Stepping 3, GenuineIntel



---------------  S Y S T E M  ---------------

OS: Windows 7 , 64 bit Build 7601 (6.1.7601.24214)

CPU:total 4 (4 cores per cpu, 1 threads per core) family 6 model 94 stepping 3, cmov, cx8, fxsr, mmx, sse, sse2, sse3, ssse3, sse4.1, sse4.2, popcnt, avx, avx2, aes, clmul, erms, 3dnowpref, lzcnt, tsc, tscinvbit, bmi1, bmi2, adx

Memory: 4k page, physical 8343668k(621424k free), swap 10438920k(6088k free)

vm_info: Java HotSpot(TM) 64-Bit Server VM (25.102-b14) for windows-amd64 JRE (1.8.0_102-b14), built on Jun 22 2016 13:15:21 by "java_re" with MS VC++ 10.0 (VS2010)

time: Wed Sep 12 10:56:51 2018
elapsed time: 59 seconds (0d 0h 0m 59s)

